Removed Pin From Net: NetName=A1 Pin=R1-1
Removed Pin From Net: NetName=NetR1_2 Pin=R1-2
Removed Pin From Net: NetName=A2 Pin=R2-1
Removed Pin From Net: NetName=NetR2_2 Pin=R2-2
Removed Pin From Net: NetName=A3 Pin=R3-1
Removed Pin From Net: NetName=NetR3_2 Pin=R3-2
Removed Pin From Net: NetName=A4 Pin=R4-1
Removed Pin From Net: NetName=NetR4_2 Pin=R4-2
Removed Pin From Net: NetName=A5 Pin=R5-1
Removed Pin From Net: NetName=NetR5_2 Pin=R5-2
Removed Pin From Net: NetName=A6 Pin=R6-1
Removed Pin From Net: NetName=NetR6_2 Pin=R6-2
Removed Pin From Net: NetName=NetR1_2 Pin=RED1-1
Removed Pin From Net: NetName=NetR1_2 Pin=RED1-1
Removed Pin From Net: NetName=GND Pin=RED1-2
Removed Pin From Net: NetName=GND Pin=RED1-2
Removed Pin From Net: NetName=NetR3_2 Pin=RED2-1
Removed Pin From Net: NetName=NetR3_2 Pin=RED2-1
Removed Pin From Net: NetName=GND Pin=RED2-2
Removed Pin From Net: NetName=GND Pin=RED2-2
Removed Pin From Net: NetName=NetR5_2 Pin=RED3-1
Removed Pin From Net: NetName=NetR5_2 Pin=RED3-1
Removed Pin From Net: NetName=GND Pin=RED3-2
Removed Pin From Net: NetName=GND Pin=RED3-2
Removed Pin From Net: NetName=NetR2_2 Pin=WHT1-1
Removed Pin From Net: NetName=NetR2_2 Pin=WHT1-1
Removed Pin From Net: NetName=GND Pin=WHT1-2
Removed Pin From Net: NetName=GND Pin=WHT1-2
Removed Pin From Net: NetName=NetR4_2 Pin=WHT2-1
Removed Pin From Net: NetName=NetR4_2 Pin=WHT2-1
Removed Pin From Net: NetName=GND Pin=WHT2-2
Removed Pin From Net: NetName=GND Pin=WHT2-2
Removed Pin From Net: NetName=NetR6_2 Pin=WHT3-1
Removed Pin From Net: NetName=NetR6_2 Pin=WHT3-1
Removed Pin From Net: NetName=GND Pin=WHT3-2
Removed Pin From Net: NetName=GND Pin=WHT3-2
Added Pin To Net: NetName=NetR1_2 Pin=R1-1
Added Pin To Net: NetName=GND Pin=R1-2
Added Pin To Net: NetName=NetR2_2 Pin=R2-1
Added Pin To Net: NetName=GND Pin=R2-2
Added Pin To Net: NetName=NetR3_2 Pin=R3-1
Added Pin To Net: NetName=GND Pin=R3-2
Added Pin To Net: NetName=NetR4_2 Pin=R4-1
Added Pin To Net: NetName=GND Pin=R4-2
Added Pin To Net: NetName=NetR5_2 Pin=R5-1
Added Pin To Net: NetName=GND Pin=R5-2
Added Pin To Net: NetName=NetR6_2 Pin=R6-1
Added Pin To Net: NetName=GND Pin=R6-2
Added Pin To Net: NetName=A1 Pin=RED1-1
Added Pin To Net: NetName=A1 Pin=RED1-1
Added Pin To Net: NetName=NetR1_2 Pin=RED1-2
Added Pin To Net: NetName=NetR1_2 Pin=RED1-2
Added Pin To Net: NetName=A3 Pin=RED2-1
Added Pin To Net: NetName=A3 Pin=RED2-1
Added Pin To Net: NetName=NetR3_2 Pin=RED2-2
Added Pin To Net: NetName=NetR3_2 Pin=RED2-2
Added Pin To Net: NetName=A5 Pin=RED3-1
Added Pin To Net: NetName=A5 Pin=RED3-1
Added Pin To Net: NetName=NetR5_2 Pin=RED3-2
Added Pin To Net: NetName=NetR5_2 Pin=RED3-2
Added Pin To Net: NetName=A2 Pin=WHT1-1
Added Pin To Net: NetName=A2 Pin=WHT1-1
Added Pin To Net: NetName=NetR2_2 Pin=WHT1-2
Added Pin To Net: NetName=NetR2_2 Pin=WHT1-2
Added Pin To Net: NetName=A4 Pin=WHT2-1
Added Pin To Net: NetName=A4 Pin=WHT2-1
Added Pin To Net: NetName=NetR4_2 Pin=WHT2-2
Added Pin To Net: NetName=NetR4_2 Pin=WHT2-2
Added Pin To Net: NetName=A6 Pin=WHT3-1
Added Pin To Net: NetName=A6 Pin=WHT3-1
Added Pin To Net: NetName=NetR6_2 Pin=WHT3-2
Added Pin To Net: NetName=NetR6_2 Pin=WHT3-2
Change Net Name : Old Net Name=NetR1_2 New Net Name=NetR1_1
Change Net Name : Old Net Name=NetR2_2 New Net Name=NetR2_1
Change Net Name : Old Net Name=NetR3_2 New Net Name=NetR3_1
Change Net Name : Old Net Name=NetR4_2 New Net Name=NetR4_1
Change Net Name : Old Net Name=NetR5_2 New Net Name=NetR5_1
Change Net Name : Old Net Name=NetR6_2 New Net Name=NetR6_1
